# JRE version: OpenJDK Runtime Environment (8.0_232-b07) (build 1.8.0_232-20191009144847.buildslave.jdk8u-src-tar--b07)
# Java VM: OpenJDK 64-Bit GraalVM CE 19.3.0 (25.232-b07-jvmci-19.3-b05 mixed mode windows-amd64 compressed oops)
Heap:
 PSYoungGen      total 423424K, used 295761K [0x000000076af80000, 0x000000078ec80000, 0x00000007c0000000)
  eden space 338944K, 67% used [0x000000076af80000,0x0000000778e3ac20,0x000000077fa80000)
  from space 84480K, 80% used [0x000000077fa80000,0x0000000783c999b8,0x0000000784d00000)
  to   space 91136K, 0% used [0x0000000789380000,0x0000000789380000,0x000000078ec80000)
 ParOldGen       total 413696K, used 88741K [0x00000006c0e00000, 0x00000006da200000, 0x000000076af80000)
  object space 413696K, 21% used [0x00000006c0e00000,0x00000006c64a9460,0x00000006da200000)
 Metaspace       used 87738K, capacity 97998K, committed 98304K, reserved 1134592K
  class space    used 9941K, capacity 12718K, committed 12800K, reserved 1048576K
GC Heap History (10 events):
Event: 9.040 GC heap before
{Heap before GC invocations=11 (full 2):
 PSYoungGen      total 364032K, used 68354K [0x000000076af80000, 0x0000000788980000, 0x00000007c0000000)
  eden space 280064K, 24% used [0x000000076af80000,0x000000076f240878,0x000000077c100000)
  from space 83968K, 0% used [0x0000000781580000,0x0000000781580000,0x0000000786780000)
  to   space 86528K, 0% used [0x000000077c100000,0x000000077c100000,0x0000000781580000)
 ParOldGen       total 251392K, used 44990K [0x00000006c0e00000, 0x00000006d0380000, 0x000000076af80000)
  object space 251392K, 17% used [0x00000006c0e00000,0x00000006c39ef810,0x00000006d0380000)
 Metaspace       used 35321K, capacity 38718K, committed 38760K, reserved 1083392K
  class space    used 3669K, capacity 4597K, committed 4608K, reserved 1048576K
Event: 9.054 GC heap after
Heap after GC invocations=11 (full 2):
 PSYoungGen      total 366592K, used 16470K [0x000000076af80000, 0x000000078b700000, 0x00000007c0000000)
  eden space 280064K, 0% used [0x000000076af80000,0x000000076af80000,0x000000077c100000)
  from space 86528K, 19% used [0x000000077c100000,0x000000077d1159c8,0x0000000781580000)
  to   space 85504K, 0% used [0x0000000786380000,0x0000000786380000,0x000000078b700000)
 ParOldGen       total 251392K, used 44998K [0x00000006c0e00000, 0x00000006d0380000, 0x000000076af80000)
  object space 251392K, 17% used [0x00000006c0e00000,0x00000006c39f1810,0x00000006d0380000)
 Metaspace       used 35321K, capacity 38718K, committed 38760K, reserved 1083392K
  class space    used 3669K, capacity 4597K, committed 4608K, reserved 1048576K
}
Event: 9.054 GC heap before
{Heap before GC invocations=12 (full 3):
 PSYoungGen      total 366592K, used 16470K [0x000000076af80000, 0x000000078b700000, 0x00000007c0000000)
  eden space 280064K, 0% used [0x000000076af80000,0x000000076af80000,0x000000077c100000)
  from space 86528K, 19% used [0x000000077c100000,0x000000077d1159c8,0x0000000781580000)
  to   space 85504K, 0% used [0x0000000786380000,0x0000000786380000,0x000000078b700000)
 ParOldGen       total 251392K, used 44998K [0x00000006c0e00000, 0x00000006d0380000, 0x000000076af80000)
  object space 251392K, 17% used [0x00000006c0e00000,0x00000006c39f1810,0x00000006d0380000)
 Metaspace       used 35321K, capacity 38718K, committed 38760K, reserved 1083392K
  class space    used 3669K, capacity 4597K, committed 4608K, reserved 1048576K
Event: 9.230 GC heap after
Heap after GC invocations=12 (full 3):
 PSYoungGen      total 366592K, used 0K [0x000000076af80000, 0x000000078b700000, 0x00000007c0000000)
  eden space 280064K, 0% used [0x000000076af80000,0x000000076af80000,0x000000077c100000)
  from space 86528K, 0% used [0x000000077c100000,0x000000077c100000,0x0000000781580000)
  to   space 85504K, 0% used [0x0000000786380000,0x0000000786380000,0x000000078b700000)
 ParOldGen       total 307200K, used 51665K [0x00000006c0e00000, 0x00000006d3a00000, 0x000000076af80000)
  object space 307200K, 16% used [0x00000006c0e00000,0x00000006c4074600,0x00000006d3a00000)
 Metaspace       used 35321K, capacity 38718K, committed 38760K, reserved 1083392K
  class space    used 3669K, capacity 4597K, committed 4608K, reserved 1048576K
}
Event: 14.189 GC heap before
{Heap before GC invocations=13 (full 3):
 PSYoungGen      total 366592K, used 272181K [0x000000076af80000, 0x000000078b700000, 0x00000007c0000000)
  eden space 280064K, 97% used [0x000000076af80000,0x000000077b94d470,0x000000077c100000)
  from space 86528K, 0% used [0x000000077c100000,0x000000077c100000,0x0000000781580000)
  to   space 85504K, 0% used [0x0000000786380000,0x0000000786380000,0x000000078b700000)
 ParOldGen       total 307200K, used 51665K [0x00000006c0e00000, 0x00000006d3a00000, 0x000000076af80000)
  object space 307200K, 16% used [0x00000006c0e00000,0x00000006c4074600,0x00000006d3a00000)
 Metaspace       used 58162K, capacity 64568K, committed 64600K, reserved 1105920K
  class space    used 6627K, capacity 8420K, committed 8448K, reserved 1048576K
Event: 14.247 GC heap after
Heap after GC invocations=13 (full 3):
 PSYoungGen      total 400384K, used 47011K [0x000000076af80000, 0x0000000789f80000, 0x00000007c0000000)
  eden space 338944K, 0% used [0x000000076af80000,0x000000076af80000,0x000000077fa80000)
  from space 61440K, 76% used [0x0000000786380000,0x0000000789168cc0,0x0000000789f80000)
  to   space 84480K, 0% used [0x000000077fa80000,0x000000077fa80000,0x0000000784d00000)
 ParOldGen       total 307200K, used 51673K [0x00000006c0e00000, 0x00000006d3a00000, 0x000000076af80000)
  object space 307200K, 16% used [0x00000006c0e00000,0x00000006c4076600,0x00000006d3a00000)
 Metaspace       used 58162K, capacity 64568K, committed 64600K, reserved 1105920K
  class space    used 6627K, capacity 8420K, committed 8448K, reserved 1048576K
}
Event: 14.247 GC heap before
{Heap before GC invocations=14 (full 4):
 PSYoungGen      total 400384K, used 47011K [0x000000076af80000, 0x0000000789f80000, 0x00000007c0000000)
  eden space 338944K, 0% used [0x000000076af80000,0x000000076af80000,0x000000077fa80000)
  from space 61440K, 76% used [0x0000000786380000,0x0000000789168cc0,0x0000000789f80000)
  to   space 84480K, 0% used [0x000000077fa80000,0x000000077fa80000,0x0000000784d00000)
 ParOldGen       total 307200K, used 51673K [0x00000006c0e00000, 0x00000006d3a00000, 0x000000076af80000)
  object space 307200K, 16% used [0x00000006c0e00000,0x00000006c4076600,0x00000006d3a00000)
 Metaspace       used 58162K, capacity 64568K, committed 64600K, reserved 1105920K
  class space    used 6627K, capacity 8420K, committed 8448K, reserved 1048576K
Event: 14.401 GC heap after
Heap after GC invocations=14 (full 4):
 PSYoungGen      total 400384K, used 0K [0x000000076af80000, 0x0000000789f80000, 0x00000007c0000000)
  eden space 338944K, 0% used [0x000000076af80000,0x000000076af80000,0x000000077fa80000)
  from space 61440K, 0% used [0x0000000786380000,0x0000000786380000,0x0000000789f80000)
  to   space 84480K, 0% used [0x000000077fa80000,0x000000077fa80000,0x0000000784d00000)
 ParOldGen       total 413696K, used 88733K [0x00000006c0e00000, 0x00000006da200000, 0x000000076af80000)
  object space 413696K, 21% used [0x00000006c0e00000,0x00000006c64a7460,0x00000006da200000)
 Metaspace       used 58162K, capacity 64568K, committed 64600K, reserved 1105920K
  class space    used 6627K, capacity 8420K, committed 8448K, reserved 1048576K
}
Event: 28.582 GC heap before
{Heap before GC invocations=15 (full 4):
 PSYoungGen      total 400384K, used 338944K [0x000000076af80000, 0x0000000789f80000, 0x00000007c0000000)
  eden space 338944K, 100% used [0x000000076af80000,0x000000077fa80000,0x000000077fa80000)
  from space 61440K, 0% used [0x0000000786380000,0x0000000786380000,0x0000000789f80000)
  to   space 84480K, 0% used [0x000000077fa80000,0x000000077fa80000,0x0000000784d00000)
 ParOldGen       total 413696K, used 88733K [0x00000006c0e00000, 0x00000006da200000, 0x000000076af80000)
  object space 413696K, 21% used [0x00000006c0e00000,0x00000006c64a7460,0x00000006da200000)
 Metaspace       used 86421K, capacity 96696K, committed 96896K, reserved 1134592K
  class space    used 9858K, capacity 12651K, committed 12672K, reserved 1048576K
Event: 28.617 GC heap after
Heap after GC invocations=15 (full 4):
 PSYoungGen      total 423424K, used 67686K [0x000000076af80000, 0x000000078ec80000, 0x00000007c0000000)
  eden space 338944K, 0% used [0x000000076af80000,0x000000076af80000,0x000000077fa80000)
  from space 84480K, 80% used [0x000000077fa80000,0x0000000783c999b8,0x0000000784d00000)
  to   space 91136K, 0% used [0x0000000789380000,0x0000000789380000,0x000000078ec80000)
 ParOldGen       total 413696K, used 88741K [0x00000006c0e00000, 0x00000006da200000, 0x000000076af80000)
  object space 413696K, 21% used [0x00000006c0e00000,0x00000006c64a9460,0x00000006da200000)
 Metaspace       used 86421K, capacity 96696K, committed 96896K, reserved 1134592K
  class space    used 9858K, capacity 12651K, committed 12672K, reserved 1048576K
}

